<?xml version="1.0" encoding="UTF-8"?>
<!-- Generated by org.testng.reporters.JUnitXMLReporter -->
<testsuite ignored="0" hostname="Sharmin_HP" failures="0" tests="3" name="Test" time="32.652" errors="0" timestamp="2023-03-26T17:46:42 EDT">
  <testcase classname="cucumber.api.testng.AbstractTestNGCucumberTests" name="feature" time="7.634"/>
  <testcase classname="cucumber.api.testng.AbstractTestNGCucumberTests" name="feature" time="13.644"/>
  <testcase classname="cucumber.api.testng.AbstractTestNGCucumberTests" name="feature" time="9.043"/>
</testsuite> <!-- Test -->
