<?xml version="1.0" encoding="UTF-8"?>
<testng-results ignored="0" total="1" passed="1" failed="0" skipped="0">
  <reporter-output>
  </reporter-output>
  <suite started-at="2023-05-04T02:14:43 EDT" name="Default suite" finished-at="2023-05-04T02:14:54 EDT" duration-ms="10432">
    <groups>
      <group name="cucumber">
        <method signature="AbstractTestNGCucumberTests.feature(cucumber.api.testng.CucumberFeatureWrapper)[pri:0, instance:WaterfallTestRunner.waterfallTestRunner@cecf639]" name="feature" class="cucumber.api.testng.AbstractTestNGCucumberTests"/>
      </group> <!-- cucumber -->
    </groups>
    <test started-at="2023-05-04T02:14:43 EDT" name="Default test" finished-at="2023-05-04T02:14:54 EDT" duration-ms="10432">
      <class name="WaterfallTestRunner.waterfallTestRunner">
        <test-method is-config="true" signature="WaterFallOpenURL()[pri:0, instance:WaterfallTestRunner.waterfallTestRunner@cecf639]" started-at="2023-05-04T02:14:43 EDT" name="WaterFallOpenURL" finished-at="2023-05-04T02:14:45 EDT" duration-ms="1843" status="PASS">
          <reporter-output>
          </reporter-output>
        </test-method> <!-- WaterFallOpenURL -->
        <test-method is-config="true" signature="setUpClass()[pri:0, instance:WaterfallTestRunner.waterfallTestRunner@cecf639]" started-at="2023-05-04T02:14:45 EDT" name="setUpClass" finished-at="2023-05-04T02:14:45 EDT" duration-ms="136" status="PASS">
          <reporter-output>
          </reporter-output>
        </test-method> <!-- setUpClass -->
        <test-method signature="feature(cucumber.api.testng.CucumberFeatureWrapper)[pri:0, instance:WaterfallTestRunner.waterfallTestRunner@cecf639]" started-at="2023-05-04T02:14:45 EDT" name="feature" description="Runs Cucumber Feature" data-provider="features" finished-at="2023-05-04T02:14:53 EDT" duration-ms="8031" status="PASS">
          <params>
            <param index="0">
              <value>
                <![CDATA[This is waterfall Login Functionality]]>
              </value>
            </param>
          </params>
          <reporter-output>
          </reporter-output>
        </test-method> <!-- feature -->
        <test-method is-config="true" signature="tearDownClass()[pri:0, instance:WaterfallTestRunner.waterfallTestRunner@cecf639]" started-at="2023-05-04T02:14:53 EDT" name="tearDownClass" finished-at="2023-05-04T02:14:53 EDT" duration-ms="14" status="PASS">
          <reporter-output>
          </reporter-output>
        </test-method> <!-- tearDownClass -->
        <test-method is-config="true" signature="waterfallCloseURL()[pri:0, instance:WaterfallTestRunner.waterfallTestRunner@cecf639]" started-at="2023-05-04T02:14:53 EDT" name="waterfallCloseURL" finished-at="2023-05-04T02:14:54 EDT" duration-ms="300" status="PASS">
          <reporter-output>
          </reporter-output>
        </test-method> <!-- waterfallCloseURL -->
      </class> <!-- WaterfallTestRunner.waterfallTestRunner -->
    </test> <!-- Default test -->
  </suite> <!-- Default suite -->
</testng-results>
